==============================================================================
  WALK-FORWARD — ema_cross_adx (EURUSD)
  IS=4yr, OOS=1yr, rolling annually
==============================================================================
is_period  oos_year  fast  slow  adx  tp_mult  is_pf  is_n  oos_n  oos_pf  oos_pf_cost
2014-2018      2019    10    50 25.0      3.0  2.350    34      9     1.6        1.492
2016-2020      2021    10   100 25.0      3.0  2.133    31      8     2.0        1.865
2017-2021      2022    10   100 25.0      2.0  2.303    30      3     inf          inf
2018-2022      2023    10   100 25.0      3.0  3.091    28      8     2.0        1.865
2019-2023      2024    10   100 25.0      3.0  2.833    29      9     1.0        0.932

  Years > 1.0: 4/5
  Years > 1.3: 4/5
  Mean PF:     inf
  Median PF:   1.865

  Saved: C:\Users\hamza\Downloads\Ai projects\Pine script signal bot\validation_harness\..\diagnostic\walk_forward_eurusd.csv

==============================================================================
  WALK-FORWARD — ema_cross_adx (GBPUSD)
  IS=4yr, OOS=1yr, rolling annually
==============================================================================
is_period  oos_year  fast  slow  adx  tp_mult  is_pf  is_n  oos_n  oos_pf  oos_pf_cost
2014-2018      2019    10    50 20.0      2.0  2.097    89     17   2.444        2.251
2016-2020      2021    10    50 20.0      2.0  2.571    69     13   0.833        0.768
2017-2021      2022    10    50 20.0      2.0  2.203    61     18   1.333        1.228
2018-2022      2023    10    50 20.0      2.0  2.111    62     17   1.905        1.754
2019-2023      2024    10    50 25.0      3.0  2.022    29     10   2.000        1.865

  Years > 1.0: 4/5
  Years > 1.3: 3/5
  Mean PF:     1.573
  Median PF:   1.754

  Saved: C:\Users\hamza\Downloads\Ai projects\Pine script signal bot\validation_harness\..\diagnostic\walk_forward_gbpusd.csv

